<?xml version="1.0" encoding="UTF-8"?>
<testsuite name="TestSuite" time="20.199" tests="2" errors="0" skipped="0" failures="1">
  <properties>
[...]
</properties>
  <testcase name="loginTest" classname="testcases.LoginTest" time="2.851">
    <failure message="Login test failed" type="java.lang.AssertionError">java.lang.AssertionError: Login test failed
	at org.testng.Assert.fail(Assert.java:97)
	at testcases.LoginTest.loginTest(LoginTest.java:16)
</failure>
    <system-out><![CDATA[loginTest
Locator: username_XPATH ----  Value: bssatlantic.nbtctwo@gmail.com
Locator: password_CSS ----  Value: R0gers123
]]></system-out>
    <system-err><![CDATA[SLF4J: Failed to load class "org.slf4j.impl.StaticLoggerBinder".
SLF4J: Defaulting to no-operation (NOP) logger implementation
SLF4J: See http://www.slf4j.org/codes.html#StaticLoggerBinder for further details.
Starting ChromeDriver 80.0.3987.106 (f68069574609230cf9b635cd784cfb1bf81bb53a-refs/branch-heads/3987@{#882}) on port 26109
Only local connections are allowed.
Please protect ports used by ChromeDriver and related test frameworks to prevent access by malicious code.
[1587558745.383][WARNING]: Timed out connecting to Chrome, retrying...
Apr. 22, 2020 8:32:27 A.M. org.openqa.selenium.remote.ProtocolHandshake createSession
INFO: Detected dialect: W3C
[1587558748.106][SEVERE]: Timed out receiving message from renderer: 0.100
[1587558748.208][SEVERE]: Timed out receiving message from renderer: 0.100
[1587558748.525][SEVERE]: Timed out receiving message from renderer: 0.100
[1587558748.641][SEVERE]: Timed out receiving message from renderer: 0.100
[1587558748.756][SEVERE]: Timed out receiving message from renderer: 0.100
[1587558748.871][SEVERE]: Timed out receiving message from renderer: 0.100
[1587558748.977][SEVERE]: Timed out receiving message from renderer: 0.100
[1587558751.180][WARNING]: Timed out connecting to Chrome, retrying...
[1587558754.278][SEVERE]: Timed out receiving message from renderer: 0.100
[1587558754.380][SEVERE]: Timed out receiving message from renderer: 0.100
[1587558754.482][SEVERE]: Timed out receiving message from renderer: 0.100
[1587558754.583][SEVERE]: Timed out receiving message from renderer: 0.100
[1587558754.685][SEVERE]: Timed out receiving message from renderer: 0.100
[1587558754.829][SEVERE]: Timed out receiving message from renderer: 0.100
[1587558754.932][SEVERE]: Timed out receiving message from renderer: 0.100
[1587558755.103][SEVERE]: Timed out receiving message from renderer: 0.100
[1587558755.285][SEVERE]: Timed out receiving message from renderer: 0.100
[1587558755.386][SEVERE]: Timed out receiving message from renderer: 0.100
[1587558755.488][SEVERE]: Timed out receiving message from renderer: 0.100
[1587558755.589][SEVERE]: Timed out receiving message from renderer: 0.100
[1587558755.690][SEVERE]: Timed out receiving message from renderer: 0.100
]]></system-err>
  </testcase>
  <testcase name="createAccountTest" classname="testcases.CreateAccountTest" time="17.348"/>
</testsuite>