<?xml version="1.0" encoding="UTF-8"?>
<!-- Generated by org.testng.reporters.JUnitXMLReporter -->
<testsuite ignored="0" hostname="DESKTOP-78R7TOL" failures="1" tests="1" name="Login Test" time="10.523" errors="0" timestamp="2020-04-22T08:32:50 EDT">
  <testcase classname="testcases.LoginTest" name="loginTest" time="2.846">
    <failure type="java.lang.AssertionError" message="Login test failed">
      <![CDATA[java.lang.AssertionError: Login test failed
at testcases.LoginTest.loginTest(LoginTest.java:16)
at java.base/java.util.ArrayList.forEach(ArrayList.java:1540)
... Removed 31 stack frames]]>
    </failure>
  </testcase> <!-- loginTest -->
</testsuite> <!-- Login Test -->
